2024-09-09T16:20:22.983+08:00  INFO 19352 --- [main] i.d.springboot.thymeleaf.io.drivesaf.springboot.faq.io.drivesaf.springboot.mp.Application     : Starting io.drivesaf.springboot.faq.io.drivesaf.springboot.mp.Application using Java 17.0.8 with PID 19352 (E:\Acode-test\spring-boot-practice\spring-boot-thymeleaf\target\classes started by DRIVESAFE in E:\Acode-test\spring-boot-practice)
2024-09-09T16:20:22.985+08:00 DEBUG 19352 --- [main] i.d.springboot.thymeleaf.io.drivesaf.springboot.faq.io.drivesaf.springboot.mp.Application     : Running with Spring Boot v3.3.3, Spring v6.1.12
2024-09-09T16:20:22.986+08:00  INFO 19352 --- [main] i.d.springboot.thymeleaf.io.drivesaf.springboot.faq.io.drivesaf.springboot.mp.Application     : No active profile set, falling back to 1 default profile: "default"
2024-09-09T16:20:23.891+08:00  INFO 19352 --- [main] o.s.b.w.embedded.tomcat.TomcatWebServer  : Tomcat initialized with port 8080 (http)
2024-09-09T16:20:23.895+08:00  INFO 19352 --- [main] o.a.catalina.core.AprLifecycleListener   : Loaded Apache Tomcat Native library [2.0.5] using APR version [1.7.4].
2024-09-09T16:20:23.899+08:00  INFO 19352 --- [main] o.a.catalina.core.AprLifecycleListener   : OpenSSL successfully initialized [OpenSSL 3.0.10 1 Aug 2023]
2024-09-09T16:20:23.910+08:00  INFO 19352 --- [main] o.apache.catalina.core.StandardService   : Starting service [Tomcat]
2024-09-09T16:20:23.910+08:00  INFO 19352 --- [main] o.apache.catalina.core.StandardEngine    : Starting Servlet engine: [Apache Tomcat/10.1.28]
2024-09-09T16:20:23.970+08:00  INFO 19352 --- [main] o.a.c.c.C.[Tomcat].[localhost].[/]       : Initializing Spring embedded WebApplicationContext
2024-09-09T16:20:23.970+08:00  INFO 19352 --- [main] w.s.c.ServletWebServerApplicationContext : Root WebApplicationContext: initialization completed in 937 ms
2024-09-09T16:20:24.337+08:00  WARN 19352 --- [main] ConfigServletWebServerApplicationContext : Exception encountered during context initialization - cancelling refresh attempt: org.springframework.context.ApplicationContextException: Failed to start bean 'webServerStartStop'
2024-09-09T16:20:24.351+08:00  INFO 19352 --- [main] .s.b.a.l.ConditionEvaluationReportLogger : 

Error starting ApplicationContext. To display the condition evaluation report re-run your application with 'debug' enabled.
2024-09-09T16:20:24.368+08:00 ERROR 19352 --- [main] o.s.b.d.LoggingFailureAnalysisReporter   : 

***************************
APPLICATION FAILED TO START
***************************

Description:

Web server failed to start. Port 8080 was already in use.

Action:

Identify and stop the process that's listening on port 8080 or configure this application to listen on another port.

