2024-09-09 19:36:50.492 ERROR [main] %PARSER_ERROR[logge]
                r : io.drivesaf.springboot.faq.io.drivesaf.springboot.mp.Application run failed
java.lang.IllegalStateException: java.lang.IllegalStateException: Logback configuration error detected: 
ERROR in ch.qos.logback.core.pattern.parser.Compiler@388526fb - There is no conversion class registered for conversion word [logge]
ERROR in ch.qos.logback.core.pattern.parser.Compiler@388526fb - [logge] is not a valid conversion word
	at org.springframework.boot.context.logging.LoggingApplicationListener.initializeSystem(LoggingApplicationListener.java:347)
	at org.springframework.boot.context.logging.LoggingApplicationListener.initialize(LoggingApplicationListener.java:298)
	at org.springframework.boot.context.logging.LoggingApplicationListener.onApplicationEnvironmentPreparedEvent(LoggingApplicationListener.java:246)
	at org.springframework.boot.context.logging.LoggingApplicationListener.onApplicationEvent(LoggingApplicationListener.java:223)
	at org.springframework.context.event.SimpleApplicationEventMulticaster.doInvokeListener(SimpleApplicationEventMulticaster.java:185)
	at org.springframework.context.event.SimpleApplicationEventMulticaster.invokeListener(SimpleApplicationEventMulticaster.java:178)
	at org.springframework.context.event.SimpleApplicationEventMulticaster.multicastEvent(SimpleApplicationEventMulticaster.java:156)
	at org.springframework.context.event.SimpleApplicationEventMulticaster.multicastEvent(SimpleApplicationEventMulticaster.java:138)
	at org.springframework.boot.context.event.EventPublishingRunListener.multicastInitialEvent(EventPublishingRunListener.java:136)
	at org.springframework.boot.context.event.EventPublishingRunListener.environmentPrepared(EventPublishingRunListener.java:81)
	at org.springframework.boot.SpringApplicationRunListeners.lambda$environmentPrepared$2(SpringApplicationRunListeners.java:64)
	at java.base/java.lang.Iterable.forEach(Iterable.java:75)
	at org.springframework.boot.SpringApplicationRunListeners.doWithListeners(SpringApplicationRunListeners.java:118)
	at org.springframework.boot.SpringApplicationRunListeners.doWithListeners(SpringApplicationRunListeners.java:112)
	at org.springframework.boot.SpringApplicationRunListeners.environmentPrepared(SpringApplicationRunListeners.java:63)
	at org.springframework.boot.SpringApplication.prepareEnvironment(SpringApplication.java:370)
	at org.springframework.boot.SpringApplication.run(SpringApplication.java:330)
	at org.springframework.boot.SpringApplication.run(SpringApplication.java:1363)
	at org.springframework.boot.SpringApplication.run(SpringApplication.java:1352)
	at thymeleaf.io.drivesaf.springboot.io.drivesaf.springboot.faq.io.drivesaf.springboot.mp.Application.main(io.drivesaf.springboot.faq.io.drivesaf.springboot.mp.Application.java:18)
Caused by: java.lang.IllegalStateException: Logback configuration error detected: 
ERROR in ch.qos.logback.core.pattern.parser.Compiler@388526fb - There is no conversion class registered for conversion word [logge]
ERROR in ch.qos.logback.core.pattern.parser.Compiler@388526fb - [logge] is not a valid conversion word
	at org.springframework.boot.logging.logback.LogbackLoggingSystem.reportConfigurationErrorsIfNecessary(LogbackLoggingSystem.java:284)
	at org.springframework.boot.logging.logback.LogbackLoggingSystem.loadConfiguration(LogbackLoggingSystem.java:262)
	at org.springframework.boot.logging.AbstractLoggingSystem.initializeWithConventions(AbstractLoggingSystem.java:81)
	at org.springframework.boot.logging.AbstractLoggingSystem.initialize(AbstractLoggingSystem.java:61)
	at org.springframework.boot.logging.logback.LogbackLoggingSystem.initialize(LogbackLoggingSystem.java:193)
	at org.springframework.boot.context.logging.LoggingApplicationListener.initializeSystem(LoggingApplicationListener.java:332)
	... 19 io.drivesaf.springboot.faq.common frames omitted
2024-09-09 19:37:09.433 ERROR [main] %PARSER_ERROR[logge]
                r : io.drivesaf.springboot.faq.io.drivesaf.springboot.mp.Application run failed
java.lang.IllegalStateException: java.lang.IllegalStateException: Logback configuration error detected: 
ERROR in ch.qos.logback.core.pattern.parser.Compiler@388526fb - There is no conversion class registered for conversion word [logge]
ERROR in ch.qos.logback.core.pattern.parser.Compiler@388526fb - [logge] is not a valid conversion word
	at org.springframework.boot.context.logging.LoggingApplicationListener.initializeSystem(LoggingApplicationListener.java:347)
	at org.springframework.boot.context.logging.LoggingApplicationListener.initialize(LoggingApplicationListener.java:298)
	at org.springframework.boot.context.logging.LoggingApplicationListener.onApplicationEnvironmentPreparedEvent(LoggingApplicationListener.java:246)
	at org.springframework.boot.context.logging.LoggingApplicationListener.onApplicationEvent(LoggingApplicationListener.java:223)
	at org.springframework.context.event.SimpleApplicationEventMulticaster.doInvokeListener(SimpleApplicationEventMulticaster.java:185)
	at org.springframework.context.event.SimpleApplicationEventMulticaster.invokeListener(SimpleApplicationEventMulticaster.java:178)
	at org.springframework.context.event.SimpleApplicationEventMulticaster.multicastEvent(SimpleApplicationEventMulticaster.java:156)
	at org.springframework.context.event.SimpleApplicationEventMulticaster.multicastEvent(SimpleApplicationEventMulticaster.java:138)
	at org.springframework.boot.context.event.EventPublishingRunListener.multicastInitialEvent(EventPublishingRunListener.java:136)
	at org.springframework.boot.context.event.EventPublishingRunListener.environmentPrepared(EventPublishingRunListener.java:81)
	at org.springframework.boot.SpringApplicationRunListeners.lambda$environmentPrepared$2(SpringApplicationRunListeners.java:64)
	at java.base/java.lang.Iterable.forEach(Iterable.java:75)
	at org.springframework.boot.SpringApplicationRunListeners.doWithListeners(SpringApplicationRunListeners.java:118)
	at org.springframework.boot.SpringApplicationRunListeners.doWithListeners(SpringApplicationRunListeners.java:112)
	at org.springframework.boot.SpringApplicationRunListeners.environmentPrepared(SpringApplicationRunListeners.java:63)
	at org.springframework.boot.SpringApplication.prepareEnvironment(SpringApplication.java:370)
	at org.springframework.boot.SpringApplication.run(SpringApplication.java:330)
	at org.springframework.boot.SpringApplication.run(SpringApplication.java:1363)
	at org.springframework.boot.SpringApplication.run(SpringApplication.java:1352)
	at thymeleaf.io.drivesaf.springboot.io.drivesaf.springboot.faq.io.drivesaf.springboot.mp.Application.main(io.drivesaf.springboot.faq.io.drivesaf.springboot.mp.Application.java:18)
Caused by: java.lang.IllegalStateException: Logback configuration error detected: 
ERROR in ch.qos.logback.core.pattern.parser.Compiler@388526fb - There is no conversion class registered for conversion word [logge]
ERROR in ch.qos.logback.core.pattern.parser.Compiler@388526fb - [logge] is not a valid conversion word
	at org.springframework.boot.logging.logback.LogbackLoggingSystem.reportConfigurationErrorsIfNecessary(LogbackLoggingSystem.java:284)
	at org.springframework.boot.logging.logback.LogbackLoggingSystem.loadConfiguration(LogbackLoggingSystem.java:262)
	at org.springframework.boot.logging.AbstractLoggingSystem.initializeWithConventions(AbstractLoggingSystem.java:81)
	at org.springframework.boot.logging.AbstractLoggingSystem.initialize(AbstractLoggingSystem.java:61)
	at org.springframework.boot.logging.logback.LogbackLoggingSystem.initialize(LogbackLoggingSystem.java:193)
	at org.springframework.boot.context.logging.LoggingApplicationListener.initializeSystem(LoggingApplicationListener.java:332)
	... 19 io.drivesaf.springboot.faq.common frames omitted
2024-09-09 19:38:27.074 ERROR [main] %PARSER_ERROR[logge]
                r : io.drivesaf.springboot.faq.io.drivesaf.springboot.mp.Application run failed
java.lang.IllegalStateException: java.lang.IllegalStateException: Logback configuration error detected: 
ERROR in ch.qos.logback.core.pattern.parser.Compiler@dbd8e44 - There is no conversion class registered for conversion word [logge]
ERROR in ch.qos.logback.core.pattern.parser.Compiler@dbd8e44 - [logge] is not a valid conversion word
	at org.springframework.boot.context.logging.LoggingApplicationListener.initializeSystem(LoggingApplicationListener.java:347)
	at org.springframework.boot.context.logging.LoggingApplicationListener.initialize(LoggingApplicationListener.java:298)
	at org.springframework.boot.context.logging.LoggingApplicationListener.onApplicationEnvironmentPreparedEvent(LoggingApplicationListener.java:246)
	at org.springframework.boot.context.logging.LoggingApplicationListener.onApplicationEvent(LoggingApplicationListener.java:223)
	at org.springframework.context.event.SimpleApplicationEventMulticaster.doInvokeListener(SimpleApplicationEventMulticaster.java:185)
	at org.springframework.context.event.SimpleApplicationEventMulticaster.invokeListener(SimpleApplicationEventMulticaster.java:178)
	at org.springframework.context.event.SimpleApplicationEventMulticaster.multicastEvent(SimpleApplicationEventMulticaster.java:156)
	at org.springframework.context.event.SimpleApplicationEventMulticaster.multicastEvent(SimpleApplicationEventMulticaster.java:138)
	at org.springframework.boot.context.event.EventPublishingRunListener.multicastInitialEvent(EventPublishingRunListener.java:136)
	at org.springframework.boot.context.event.EventPublishingRunListener.environmentPrepared(EventPublishingRunListener.java:81)
	at org.springframework.boot.SpringApplicationRunListeners.lambda$environmentPrepared$2(SpringApplicationRunListeners.java:64)
	at java.base/java.lang.Iterable.forEach(Iterable.java:75)
	at org.springframework.boot.SpringApplicationRunListeners.doWithListeners(SpringApplicationRunListeners.java:118)
	at org.springframework.boot.SpringApplicationRunListeners.doWithListeners(SpringApplicationRunListeners.java:112)
	at org.springframework.boot.SpringApplicationRunListeners.environmentPrepared(SpringApplicationRunListeners.java:63)
	at org.springframework.boot.SpringApplication.prepareEnvironment(SpringApplication.java:370)
	at org.springframework.boot.SpringApplication.run(SpringApplication.java:330)
	at org.springframework.boot.SpringApplication.run(SpringApplication.java:1363)
	at org.springframework.boot.SpringApplication.run(SpringApplication.java:1352)
	at thymeleaf.io.drivesaf.springboot.io.drivesaf.springboot.faq.io.drivesaf.springboot.mp.Application.main(io.drivesaf.springboot.faq.io.drivesaf.springboot.mp.Application.java:18)
Caused by: java.lang.IllegalStateException: Logback configuration error detected: 
ERROR in ch.qos.logback.core.pattern.parser.Compiler@dbd8e44 - There is no conversion class registered for conversion word [logge]
ERROR in ch.qos.logback.core.pattern.parser.Compiler@dbd8e44 - [logge] is not a valid conversion word
	at org.springframework.boot.logging.logback.LogbackLoggingSystem.reportConfigurationErrorsIfNecessary(LogbackLoggingSystem.java:284)
	at org.springframework.boot.logging.logback.LogbackLoggingSystem.loadConfiguration(LogbackLoggingSystem.java:262)
	at org.springframework.boot.logging.AbstractLoggingSystem.initializeWithConventions(AbstractLoggingSystem.java:81)
	at org.springframework.boot.logging.AbstractLoggingSystem.initialize(AbstractLoggingSystem.java:61)
	at org.springframework.boot.logging.logback.LogbackLoggingSystem.initialize(LogbackLoggingSystem.java:193)
	at org.springframework.boot.context.logging.LoggingApplicationListener.initializeSystem(LoggingApplicationListener.java:332)
	... 19 io.drivesaf.springboot.faq.common frames omitted
2024-09-09 19:38:37.356 ERROR [main] %PARSER_ERROR[logge]
                r : io.drivesaf.springboot.faq.io.drivesaf.springboot.mp.Application run failed
java.lang.IllegalStateException: java.lang.IllegalStateException: Logback configuration error detected: 
ERROR in ch.qos.logback.core.pattern.parser.Compiler@dbd8e44 - There is no conversion class registered for conversion word [logge]
ERROR in ch.qos.logback.core.pattern.parser.Compiler@dbd8e44 - [logge] is not a valid conversion word
	at org.springframework.boot.context.logging.LoggingApplicationListener.initializeSystem(LoggingApplicationListener.java:347)
	at org.springframework.boot.context.logging.LoggingApplicationListener.initialize(LoggingApplicationListener.java:298)
	at org.springframework.boot.context.logging.LoggingApplicationListener.onApplicationEnvironmentPreparedEvent(LoggingApplicationListener.java:246)
	at org.springframework.boot.context.logging.LoggingApplicationListener.onApplicationEvent(LoggingApplicationListener.java:223)
	at org.springframework.context.event.SimpleApplicationEventMulticaster.doInvokeListener(SimpleApplicationEventMulticaster.java:185)
	at org.springframework.context.event.SimpleApplicationEventMulticaster.invokeListener(SimpleApplicationEventMulticaster.java:178)
	at org.springframework.context.event.SimpleApplicationEventMulticaster.multicastEvent(SimpleApplicationEventMulticaster.java:156)
	at org.springframework.context.event.SimpleApplicationEventMulticaster.multicastEvent(SimpleApplicationEventMulticaster.java:138)
	at org.springframework.boot.context.event.EventPublishingRunListener.multicastInitialEvent(EventPublishingRunListener.java:136)
	at org.springframework.boot.context.event.EventPublishingRunListener.environmentPrepared(EventPublishingRunListener.java:81)
	at org.springframework.boot.SpringApplicationRunListeners.lambda$environmentPrepared$2(SpringApplicationRunListeners.java:64)
	at java.base/java.lang.Iterable.forEach(Iterable.java:75)
	at org.springframework.boot.SpringApplicationRunListeners.doWithListeners(SpringApplicationRunListeners.java:118)
	at org.springframework.boot.SpringApplicationRunListeners.doWithListeners(SpringApplicationRunListeners.java:112)
	at org.springframework.boot.SpringApplicationRunListeners.environmentPrepared(SpringApplicationRunListeners.java:63)
	at org.springframework.boot.SpringApplication.prepareEnvironment(SpringApplication.java:370)
	at org.springframework.boot.SpringApplication.run(SpringApplication.java:330)
	at org.springframework.boot.SpringApplication.run(SpringApplication.java:1363)
	at org.springframework.boot.SpringApplication.run(SpringApplication.java:1352)
	at thymeleaf.io.drivesaf.springboot.io.drivesaf.springboot.faq.io.drivesaf.springboot.mp.Application.main(io.drivesaf.springboot.faq.io.drivesaf.springboot.mp.Application.java:18)
Caused by: java.lang.IllegalStateException: Logback configuration error detected: 
ERROR in ch.qos.logback.core.pattern.parser.Compiler@dbd8e44 - There is no conversion class registered for conversion word [logge]
ERROR in ch.qos.logback.core.pattern.parser.Compiler@dbd8e44 - [logge] is not a valid conversion word
	at org.springframework.boot.logging.logback.LogbackLoggingSystem.reportConfigurationErrorsIfNecessary(LogbackLoggingSystem.java:284)
	at org.springframework.boot.logging.logback.LogbackLoggingSystem.loadConfiguration(LogbackLoggingSystem.java:262)
	at org.springframework.boot.logging.AbstractLoggingSystem.initializeWithConventions(AbstractLoggingSystem.java:81)
	at org.springframework.boot.logging.AbstractLoggingSystem.initialize(AbstractLoggingSystem.java:61)
	at org.springframework.boot.logging.logback.LogbackLoggingSystem.initialize(LogbackLoggingSystem.java:193)
	at org.springframework.boot.context.logging.LoggingApplicationListener.initializeSystem(LoggingApplicationListener.java:332)
	... 19 io.drivesaf.springboot.faq.common frames omitted
2024-09-09 19:40:12.570 ERROR [main] %PARSER_ERROR[logge]
                r : io.drivesaf.springboot.faq.io.drivesaf.springboot.mp.Application run failed
java.lang.IllegalStateException: java.lang.IllegalStateException: Logback configuration error detected: 
ERROR in ch.qos.logback.core.pattern.parser.Compiler@388526fb - There is no conversion class registered for conversion word [logge]
ERROR in ch.qos.logback.core.pattern.parser.Compiler@388526fb - [logge] is not a valid conversion word
	at org.springframework.boot.context.logging.LoggingApplicationListener.initializeSystem(LoggingApplicationListener.java:347)
	at org.springframework.boot.context.logging.LoggingApplicationListener.initialize(LoggingApplicationListener.java:298)
	at org.springframework.boot.context.logging.LoggingApplicationListener.onApplicationEnvironmentPreparedEvent(LoggingApplicationListener.java:246)
	at org.springframework.boot.context.logging.LoggingApplicationListener.onApplicationEvent(LoggingApplicationListener.java:223)
	at org.springframework.context.event.SimpleApplicationEventMulticaster.doInvokeListener(SimpleApplicationEventMulticaster.java:185)
	at org.springframework.context.event.SimpleApplicationEventMulticaster.invokeListener(SimpleApplicationEventMulticaster.java:178)
	at org.springframework.context.event.SimpleApplicationEventMulticaster.multicastEvent(SimpleApplicationEventMulticaster.java:156)
	at org.springframework.context.event.SimpleApplicationEventMulticaster.multicastEvent(SimpleApplicationEventMulticaster.java:138)
	at org.springframework.boot.context.event.EventPublishingRunListener.multicastInitialEvent(EventPublishingRunListener.java:136)
	at org.springframework.boot.context.event.EventPublishingRunListener.environmentPrepared(EventPublishingRunListener.java:81)
	at org.springframework.boot.SpringApplicationRunListeners.lambda$environmentPrepared$2(SpringApplicationRunListeners.java:64)
	at java.base/java.lang.Iterable.forEach(Iterable.java:75)
	at org.springframework.boot.SpringApplicationRunListeners.doWithListeners(SpringApplicationRunListeners.java:118)
	at org.springframework.boot.SpringApplicationRunListeners.doWithListeners(SpringApplicationRunListeners.java:112)
	at org.springframework.boot.SpringApplicationRunListeners.environmentPrepared(SpringApplicationRunListeners.java:63)
	at org.springframework.boot.SpringApplication.prepareEnvironment(SpringApplication.java:370)
	at org.springframework.boot.SpringApplication.run(SpringApplication.java:330)
	at org.springframework.boot.SpringApplication.run(SpringApplication.java:1363)
	at org.springframework.boot.SpringApplication.run(SpringApplication.java:1352)
	at thymeleaf.io.drivesaf.springboot.io.drivesaf.springboot.faq.io.drivesaf.springboot.mp.Application.main(io.drivesaf.springboot.faq.io.drivesaf.springboot.mp.Application.java:18)
Caused by: java.lang.IllegalStateException: Logback configuration error detected: 
ERROR in ch.qos.logback.core.pattern.parser.Compiler@388526fb - There is no conversion class registered for conversion word [logge]
ERROR in ch.qos.logback.core.pattern.parser.Compiler@388526fb - [logge] is not a valid conversion word
	at org.springframework.boot.logging.logback.LogbackLoggingSystem.reportConfigurationErrorsIfNecessary(LogbackLoggingSystem.java:284)
	at org.springframework.boot.logging.logback.LogbackLoggingSystem.loadConfiguration(LogbackLoggingSystem.java:262)
	at org.springframework.boot.logging.AbstractLoggingSystem.initializeWithConventions(AbstractLoggingSystem.java:81)
	at org.springframework.boot.logging.AbstractLoggingSystem.initialize(AbstractLoggingSystem.java:61)
	at org.springframework.boot.logging.logback.LogbackLoggingSystem.initialize(LogbackLoggingSystem.java:193)
	at org.springframework.boot.context.logging.LoggingApplicationListener.initializeSystem(LoggingApplicationListener.java:332)
	... 19 io.drivesaf.springboot.faq.common frames omitted
2024-09-09 20:14:50.299 ERROR [main] %PARSER_ERROR[logge] r : io.drivesaf.springboot.faq.io.drivesaf.springboot.mp.Application run failed
java.lang.IllegalStateException: java.lang.IllegalStateException: Logback configuration error detected: 
ERROR in ch.qos.logback.core.pattern.parser.Compiler@3a0d172f - There is no conversion class registered for conversion word [logge]
ERROR in ch.qos.logback.core.pattern.parser.Compiler@3a0d172f - [logge] is not a valid conversion word
	at org.springframework.boot.context.logging.LoggingApplicationListener.initializeSystem(LoggingApplicationListener.java:347)
	at org.springframework.boot.context.logging.LoggingApplicationListener.initialize(LoggingApplicationListener.java:298)
	at org.springframework.boot.context.logging.LoggingApplicationListener.onApplicationEnvironmentPreparedEvent(LoggingApplicationListener.java:246)
	at org.springframework.boot.context.logging.LoggingApplicationListener.onApplicationEvent(LoggingApplicationListener.java:223)
	at org.springframework.context.event.SimpleApplicationEventMulticaster.doInvokeListener(SimpleApplicationEventMulticaster.java:185)
	at org.springframework.context.event.SimpleApplicationEventMulticaster.invokeListener(SimpleApplicationEventMulticaster.java:178)
	at org.springframework.context.event.SimpleApplicationEventMulticaster.multicastEvent(SimpleApplicationEventMulticaster.java:156)
	at org.springframework.context.event.SimpleApplicationEventMulticaster.multicastEvent(SimpleApplicationEventMulticaster.java:138)
	at org.springframework.boot.context.event.EventPublishingRunListener.multicastInitialEvent(EventPublishingRunListener.java:136)
	at org.springframework.boot.context.event.EventPublishingRunListener.environmentPrepared(EventPublishingRunListener.java:81)
	at org.springframework.boot.SpringApplicationRunListeners.lambda$environmentPrepared$2(SpringApplicationRunListeners.java:64)
	at java.base/java.lang.Iterable.forEach(Iterable.java:75)
	at org.springframework.boot.SpringApplicationRunListeners.doWithListeners(SpringApplicationRunListeners.java:118)
	at org.springframework.boot.SpringApplicationRunListeners.doWithListeners(SpringApplicationRunListeners.java:112)
	at org.springframework.boot.SpringApplicationRunListeners.environmentPrepared(SpringApplicationRunListeners.java:63)
	at org.springframework.boot.SpringApplication.prepareEnvironment(SpringApplication.java:370)
	at org.springframework.boot.SpringApplication.run(SpringApplication.java:330)
	at org.springframework.boot.SpringApplication.run(SpringApplication.java:1363)
	at org.springframework.boot.SpringApplication.run(SpringApplication.java:1352)
	at io.drivesaf.springboot.logging.io.drivesaf.springboot.faq.io.drivesaf.springboot.mp.Application.main(io.drivesaf.springboot.faq.io.drivesaf.springboot.mp.Application.java:14)
Caused by: java.lang.IllegalStateException: Logback configuration error detected: 
ERROR in ch.qos.logback.core.pattern.parser.Compiler@3a0d172f - There is no conversion class registered for conversion word [logge]
ERROR in ch.qos.logback.core.pattern.parser.Compiler@3a0d172f - [logge] is not a valid conversion word
	at org.springframework.boot.logging.logback.LogbackLoggingSystem.reportConfigurationErrorsIfNecessary(LogbackLoggingSystem.java:284)
	at org.springframework.boot.logging.logback.LogbackLoggingSystem.loadConfiguration(LogbackLoggingSystem.java:262)
	at org.springframework.boot.logging.AbstractLoggingSystem.initializeWithConventions(AbstractLoggingSystem.java:81)
	at org.springframework.boot.logging.AbstractLoggingSystem.initialize(AbstractLoggingSystem.java:61)
	at org.springframework.boot.logging.logback.LogbackLoggingSystem.initialize(LogbackLoggingSystem.java:193)
	at org.springframework.boot.context.logging.LoggingApplicationListener.initializeSystem(LoggingApplicationListener.java:332)
	... 19 io.drivesaf.springboot.faq.common frames omitted
2024-09-09 20:15:04.760 ERROR [main] %PARSER_ERROR[logge] r : io.drivesaf.springboot.faq.io.drivesaf.springboot.mp.Application run failed
java.lang.IllegalStateException: java.lang.IllegalStateException: Logback configuration error detected: 
ERROR in ch.qos.logback.core.pattern.parser.Compiler@3a0d172f - There is no conversion class registered for conversion word [logge]
ERROR in ch.qos.logback.core.pattern.parser.Compiler@3a0d172f - [logge] is not a valid conversion word
	at org.springframework.boot.context.logging.LoggingApplicationListener.initializeSystem(LoggingApplicationListener.java:347)
	at org.springframework.boot.context.logging.LoggingApplicationListener.initialize(LoggingApplicationListener.java:298)
	at org.springframework.boot.context.logging.LoggingApplicationListener.onApplicationEnvironmentPreparedEvent(LoggingApplicationListener.java:246)
	at org.springframework.boot.context.logging.LoggingApplicationListener.onApplicationEvent(LoggingApplicationListener.java:223)
	at org.springframework.context.event.SimpleApplicationEventMulticaster.doInvokeListener(SimpleApplicationEventMulticaster.java:185)
	at org.springframework.context.event.SimpleApplicationEventMulticaster.invokeListener(SimpleApplicationEventMulticaster.java:178)
	at org.springframework.context.event.SimpleApplicationEventMulticaster.multicastEvent(SimpleApplicationEventMulticaster.java:156)
	at org.springframework.context.event.SimpleApplicationEventMulticaster.multicastEvent(SimpleApplicationEventMulticaster.java:138)
	at org.springframework.boot.context.event.EventPublishingRunListener.multicastInitialEvent(EventPublishingRunListener.java:136)
	at org.springframework.boot.context.event.EventPublishingRunListener.environmentPrepared(EventPublishingRunListener.java:81)
	at org.springframework.boot.SpringApplicationRunListeners.lambda$environmentPrepared$2(SpringApplicationRunListeners.java:64)
	at java.base/java.lang.Iterable.forEach(Iterable.java:75)
	at org.springframework.boot.SpringApplicationRunListeners.doWithListeners(SpringApplicationRunListeners.java:118)
	at org.springframework.boot.SpringApplicationRunListeners.doWithListeners(SpringApplicationRunListeners.java:112)
	at org.springframework.boot.SpringApplicationRunListeners.environmentPrepared(SpringApplicationRunListeners.java:63)
	at org.springframework.boot.SpringApplication.prepareEnvironment(SpringApplication.java:370)
	at org.springframework.boot.SpringApplication.run(SpringApplication.java:330)
	at org.springframework.boot.SpringApplication.run(SpringApplication.java:1363)
	at org.springframework.boot.SpringApplication.run(SpringApplication.java:1352)
	at io.drivesaf.springboot.logging.io.drivesaf.springboot.faq.io.drivesaf.springboot.mp.Application.main(io.drivesaf.springboot.faq.io.drivesaf.springboot.mp.Application.java:14)
Caused by: java.lang.IllegalStateException: Logback configuration error detected: 
ERROR in ch.qos.logback.core.pattern.parser.Compiler@3a0d172f - There is no conversion class registered for conversion word [logge]
ERROR in ch.qos.logback.core.pattern.parser.Compiler@3a0d172f - [logge] is not a valid conversion word
	at org.springframework.boot.logging.logback.LogbackLoggingSystem.reportConfigurationErrorsIfNecessary(LogbackLoggingSystem.java:284)
	at org.springframework.boot.logging.logback.LogbackLoggingSystem.loadConfiguration(LogbackLoggingSystem.java:262)
	at org.springframework.boot.logging.AbstractLoggingSystem.initializeWithConventions(AbstractLoggingSystem.java:81)
	at org.springframework.boot.logging.AbstractLoggingSystem.initialize(AbstractLoggingSystem.java:61)
	at org.springframework.boot.logging.logback.LogbackLoggingSystem.initialize(LogbackLoggingSystem.java:193)
	at org.springframework.boot.context.logging.LoggingApplicationListener.initializeSystem(LoggingApplicationListener.java:332)
	... 19 io.drivesaf.springboot.faq.common frames omitted
2024-09-09 20:19:07.717 ERROR [main] %PARSER_ERROR[logge] r : io.drivesaf.springboot.faq.io.drivesaf.springboot.mp.Application run failed
java.lang.IllegalStateException: java.lang.IllegalStateException: Logback configuration error detected: 
ERROR in ch.qos.logback.core.pattern.parser.Compiler@3a0d172f - There is no conversion class registered for conversion word [logge]
ERROR in ch.qos.logback.core.pattern.parser.Compiler@3a0d172f - [logge] is not a valid conversion word
	at org.springframework.boot.context.logging.LoggingApplicationListener.initializeSystem(LoggingApplicationListener.java:347)
	at org.springframework.boot.context.logging.LoggingApplicationListener.initialize(LoggingApplicationListener.java:298)
	at org.springframework.boot.context.logging.LoggingApplicationListener.onApplicationEnvironmentPreparedEvent(LoggingApplicationListener.java:246)
	at org.springframework.boot.context.logging.LoggingApplicationListener.onApplicationEvent(LoggingApplicationListener.java:223)
	at org.springframework.context.event.SimpleApplicationEventMulticaster.doInvokeListener(SimpleApplicationEventMulticaster.java:185)
	at org.springframework.context.event.SimpleApplicationEventMulticaster.invokeListener(SimpleApplicationEventMulticaster.java:178)
	at org.springframework.context.event.SimpleApplicationEventMulticaster.multicastEvent(SimpleApplicationEventMulticaster.java:156)
	at org.springframework.context.event.SimpleApplicationEventMulticaster.multicastEvent(SimpleApplicationEventMulticaster.java:138)
	at org.springframework.boot.context.event.EventPublishingRunListener.multicastInitialEvent(EventPublishingRunListener.java:136)
	at org.springframework.boot.context.event.EventPublishingRunListener.environmentPrepared(EventPublishingRunListener.java:81)
	at org.springframework.boot.SpringApplicationRunListeners.lambda$environmentPrepared$2(SpringApplicationRunListeners.java:64)
	at java.base/java.lang.Iterable.forEach(Iterable.java:75)
	at org.springframework.boot.SpringApplicationRunListeners.doWithListeners(SpringApplicationRunListeners.java:118)
	at org.springframework.boot.SpringApplicationRunListeners.doWithListeners(SpringApplicationRunListeners.java:112)
	at org.springframework.boot.SpringApplicationRunListeners.environmentPrepared(SpringApplicationRunListeners.java:63)
	at org.springframework.boot.SpringApplication.prepareEnvironment(SpringApplication.java:370)
	at org.springframework.boot.SpringApplication.run(SpringApplication.java:330)
	at org.springframework.boot.SpringApplication.run(SpringApplication.java:1363)
	at org.springframework.boot.SpringApplication.run(SpringApplication.java:1352)
	at io.drivesaf.springboot.logging.io.drivesaf.springboot.faq.io.drivesaf.springboot.mp.Application.main(io.drivesaf.springboot.faq.io.drivesaf.springboot.mp.Application.java:14)
Caused by: java.lang.IllegalStateException: Logback configuration error detected: 
ERROR in ch.qos.logback.core.pattern.parser.Compiler@3a0d172f - There is no conversion class registered for conversion word [logge]
ERROR in ch.qos.logback.core.pattern.parser.Compiler@3a0d172f - [logge] is not a valid conversion word
	at org.springframework.boot.logging.logback.LogbackLoggingSystem.reportConfigurationErrorsIfNecessary(LogbackLoggingSystem.java:284)
	at org.springframework.boot.logging.logback.LogbackLoggingSystem.loadConfiguration(LogbackLoggingSystem.java:262)
	at org.springframework.boot.logging.AbstractLoggingSystem.initializeWithConventions(AbstractLoggingSystem.java:81)
	at org.springframework.boot.logging.AbstractLoggingSystem.initialize(AbstractLoggingSystem.java:61)
	at org.springframework.boot.logging.logback.LogbackLoggingSystem.initialize(LogbackLoggingSystem.java:193)
	at org.springframework.boot.context.logging.LoggingApplicationListener.initializeSystem(LoggingApplicationListener.java:332)
	... 19 io.drivesaf.springboot.faq.common frames omitted
2024-09-09 20:24:14.310 INFO  [main] io.drivesaf.springboot.logging.io.drivesaf.springboot.faq.io.drivesaf.springboot.mp.Application : Starting io.drivesaf.springboot.faq.io.drivesaf.springboot.mp.Application using Java 17.0.8 with PID 18112 (E:\Acode-test\spring-boot-practice\spring-boot-logging\target\classes started by DRIVESAFE in E:\Acode-test\spring-boot-practice)
2024-09-09 20:24:14.311 DEBUG [main] io.drivesaf.springboot.logging.io.drivesaf.springboot.faq.io.drivesaf.springboot.mp.Application : Running with Spring Boot v3.3.3, Spring v6.1.12
2024-09-09 20:24:14.312 INFO  [main] io.drivesaf.springboot.logging.io.drivesaf.springboot.faq.io.drivesaf.springboot.mp.Application : No active profile set, falling back to 1 default profile: "default"
2024-09-09 20:24:14.925 INFO  [main] org.springframework.boot.web.embedded.tomcat.TomcatWebServer : Tomcat initialized with port 8080 (http)
2024-09-09 20:24:14.927 INFO  [main] org.apache.catalina.core.AprLifecycleListener : Loaded Apache Tomcat Native library [2.0.5] using APR version [1.7.4].
2024-09-09 20:24:14.930 INFO  [main] org.apache.catalina.core.AprLifecycleListener : OpenSSL successfully initialized [OpenSSL 3.0.10 1 Aug 2023]
2024-09-09 20:24:14.936 INFO  [main] org.apache.coyote.http11.Http11NioProtocol : Initializing ProtocolHandler ["http-nio-8080"]
2024-09-09 20:24:14.938 INFO  [main] org.apache.catalina.core.StandardService : Starting service [Tomcat]
2024-09-09 20:24:14.939 INFO  [main] org.apache.catalina.core.StandardEngine : Starting Servlet engine: [Apache Tomcat/10.1.28]
2024-09-09 20:24:14.974 INFO  [main] org.apache.catalina.core.ContainerBase.[Tomcat].[localhost].[/] : Initializing Spring embedded WebApplicationContext
2024-09-09 20:24:14.974 INFO  [main] org.springframework.boot.web.servlet.context.ServletWebServerApplicationContext : Root WebApplicationContext: initialization completed in 631 ms
2024-09-09 20:24:15.201 INFO  [main] org.apache.coyote.http11.Http11NioProtocol : Starting ProtocolHandler ["http-nio-8080"]
2024-09-09 20:24:15.219 INFO  [main] org.springframework.boot.web.embedded.tomcat.TomcatWebServer : Tomcat started on port 8080 (http) with context path '/'
2024-09-09 20:24:15.227 INFO  [main] io.drivesaf.springboot.logging.io.drivesaf.springboot.faq.io.drivesaf.springboot.mp.Application : Started io.drivesaf.springboot.faq.io.drivesaf.springboot.mp.Application in 1.291 seconds (process running for 1.756)
2024-09-09 20:29:32.165 INFO  [main] io.drivesaf.springboot.logging.io.drivesaf.springboot.faq.io.drivesaf.springboot.mp.Application : Starting io.drivesaf.springboot.faq.io.drivesaf.springboot.mp.Application using Java 17.0.8 with PID 10528 (E:\Acode-test\spring-boot-practice\spring-boot-logging\target\classes started by DRIVESAFE in E:\Acode-test\spring-boot-practice)
2024-09-09 20:29:32.167 DEBUG [main] io.drivesaf.springboot.logging.io.drivesaf.springboot.faq.io.drivesaf.springboot.mp.Application : Running with Spring Boot v3.3.3, Spring v6.1.12
2024-09-09 20:29:32.169 INFO  [main] io.drivesaf.springboot.logging.io.drivesaf.springboot.faq.io.drivesaf.springboot.mp.Application : No active profile set, falling back to 1 default profile: "default"
2024-09-09 20:29:33.252 INFO  [main] org.springframework.boot.web.embedded.tomcat.TomcatWebServer : Tomcat initialized with port 8080 (http)
2024-09-09 20:29:33.257 INFO  [main] org.apache.catalina.core.AprLifecycleListener : Loaded Apache Tomcat Native library [2.0.5] using APR version [1.7.4].
2024-09-09 20:29:33.262 INFO  [main] org.apache.catalina.core.AprLifecycleListener : OpenSSL successfully initialized [OpenSSL 3.0.10 1 Aug 2023]
2024-09-09 20:29:33.270 INFO  [main] org.apache.coyote.http11.Http11NioProtocol : Initializing ProtocolHandler ["http-nio-8080"]
2024-09-09 20:29:33.273 INFO  [main] org.apache.catalina.core.StandardService : Starting service [Tomcat]
2024-09-09 20:29:33.274 INFO  [main] org.apache.catalina.core.StandardEngine : Starting Servlet engine: [Apache Tomcat/10.1.28]
2024-09-09 20:29:33.328 INFO  [main] org.apache.catalina.core.ContainerBase.[Tomcat].[localhost].[/] : Initializing Spring embedded WebApplicationContext
2024-09-09 20:29:33.329 INFO  [main] org.springframework.boot.web.servlet.context.ServletWebServerApplicationContext : Root WebApplicationContext: initialization completed in 1108 ms
2024-09-09 20:29:33.731 INFO  [main] org.apache.coyote.http11.Http11NioProtocol : Starting ProtocolHandler ["http-nio-8080"]
2024-09-09 20:29:33.749 INFO  [main] org.springframework.boot.web.embedded.tomcat.TomcatWebServer : Tomcat started on port 8080 (http) with context path '/'
2024-09-09 20:29:33.761 INFO  [main] io.drivesaf.springboot.logging.io.drivesaf.springboot.faq.io.drivesaf.springboot.mp.Application : Started io.drivesaf.springboot.faq.io.drivesaf.springboot.mp.Application in 2.201 seconds (process running for 2.889)
2024-09-09 20:30:05.945 INFO  [main] io.drivesaf.springboot.logging.io.drivesaf.springboot.faq.io.drivesaf.springboot.mp.Application : Starting io.drivesaf.springboot.faq.io.drivesaf.springboot.mp.Application using Java 17.0.8 with PID 22060 (E:\Acode-test\spring-boot-practice\spring-boot-logging\target\classes started by DRIVESAFE in E:\Acode-test\spring-boot-practice)
2024-09-09 20:30:05.946 DEBUG [main] io.drivesaf.springboot.logging.io.drivesaf.springboot.faq.io.drivesaf.springboot.mp.Application : Running with Spring Boot v3.3.3, Spring v6.1.12
2024-09-09 20:30:05.947 INFO  [main] io.drivesaf.springboot.logging.io.drivesaf.springboot.faq.io.drivesaf.springboot.mp.Application : No active profile set, falling back to 1 default profile: "default"
2024-09-09 20:30:06.552 INFO  [main] org.springframework.boot.web.embedded.tomcat.TomcatWebServer : Tomcat initialized with port 8080 (http)
2024-09-09 20:30:06.554 INFO  [main] org.apache.catalina.core.AprLifecycleListener : Loaded Apache Tomcat Native library [2.0.5] using APR version [1.7.4].
2024-09-09 20:30:06.557 INFO  [main] org.apache.catalina.core.AprLifecycleListener : OpenSSL successfully initialized [OpenSSL 3.0.10 1 Aug 2023]
2024-09-09 20:30:06.564 INFO  [main] org.apache.coyote.http11.Http11NioProtocol : Initializing ProtocolHandler ["http-nio-8080"]
2024-09-09 20:30:06.566 INFO  [main] org.apache.catalina.core.StandardService : Starting service [Tomcat]
2024-09-09 20:30:06.567 INFO  [main] org.apache.catalina.core.StandardEngine : Starting Servlet engine: [Apache Tomcat/10.1.28]
2024-09-09 20:30:06.602 INFO  [main] org.apache.catalina.core.ContainerBase.[Tomcat].[localhost].[/] : Initializing Spring embedded WebApplicationContext
2024-09-09 20:30:06.603 INFO  [main] org.springframework.boot.web.servlet.context.ServletWebServerApplicationContext : Root WebApplicationContext: initialization completed in 624 ms
2024-09-09 20:30:06.819 INFO  [main] org.apache.coyote.http11.Http11NioProtocol : Starting ProtocolHandler ["http-nio-8080"]
2024-09-09 20:30:06.833 INFO  [main] org.springframework.boot.web.embedded.tomcat.TomcatWebServer : Tomcat started on port 8080 (http) with context path '/'
2024-09-09 20:30:06.839 INFO  [main] io.drivesaf.springboot.logging.io.drivesaf.springboot.faq.io.drivesaf.springboot.mp.Application : Started io.drivesaf.springboot.faq.io.drivesaf.springboot.mp.Application in 1.439 seconds (process running for 1.876)
2024-09-09 20:30:19.225 INFO  [main] io.drivesaf.springboot.logging.io.drivesaf.springboot.faq.io.drivesaf.springboot.mp.Application : Starting io.drivesaf.springboot.faq.io.drivesaf.springboot.mp.Application using Java 17.0.8 with PID 22004 (E:\Acode-test\spring-boot-practice\spring-boot-logging\target\classes started by DRIVESAFE in E:\Acode-test\spring-boot-practice)
2024-09-09 20:30:19.226 DEBUG [main] io.drivesaf.springboot.logging.io.drivesaf.springboot.faq.io.drivesaf.springboot.mp.Application : Running with Spring Boot v3.3.3, Spring v6.1.12
2024-09-09 20:30:19.227 INFO  [main] io.drivesaf.springboot.logging.io.drivesaf.springboot.faq.io.drivesaf.springboot.mp.Application : No active profile set, falling back to 1 default profile: "default"
2024-09-09 20:30:20.175 INFO  [main] org.springframework.boot.web.embedded.tomcat.TomcatWebServer : Tomcat initialized with port 8080 (http)
2024-09-09 20:30:20.179 INFO  [main] org.apache.catalina.core.AprLifecycleListener : Loaded Apache Tomcat Native library [2.0.5] using APR version [1.7.4].
2024-09-09 20:30:20.186 INFO  [main] org.apache.catalina.core.AprLifecycleListener : OpenSSL successfully initialized [OpenSSL 3.0.10 1 Aug 2023]
2024-09-09 20:30:20.199 INFO  [main] org.apache.coyote.http11.Http11NioProtocol : Initializing ProtocolHandler ["http-nio-8080"]
2024-09-09 20:30:20.204 INFO  [main] org.apache.catalina.core.StandardService : Starting service [Tomcat]
2024-09-09 20:30:20.205 INFO  [main] org.apache.catalina.core.StandardEngine : Starting Servlet engine: [Apache Tomcat/10.1.28]
2024-09-09 20:30:20.258 INFO  [main] org.apache.catalina.core.ContainerBase.[Tomcat].[localhost].[/] : Initializing Spring embedded WebApplicationContext
2024-09-09 20:30:20.258 INFO  [main] org.springframework.boot.web.servlet.context.ServletWebServerApplicationContext : Root WebApplicationContext: initialization completed in 987 ms
2024-09-09 20:30:20.651 INFO  [main] org.apache.coyote.http11.Http11NioProtocol : Starting ProtocolHandler ["http-nio-8080"]
2024-09-09 20:30:20.671 INFO  [main] org.springframework.boot.web.embedded.tomcat.TomcatWebServer : Tomcat started on port 8080 (http) with context path '/'
2024-09-09 20:30:20.681 INFO  [main] io.drivesaf.springboot.logging.io.drivesaf.springboot.faq.io.drivesaf.springboot.mp.Application : Started io.drivesaf.springboot.faq.io.drivesaf.springboot.mp.Application in 2.118 seconds (process running for 2.857)
2024-09-09 20:30:41.989 INFO  [main] io.drivesaf.springboot.logging.io.drivesaf.springboot.faq.io.drivesaf.springboot.mp.Application : Starting io.drivesaf.springboot.faq.io.drivesaf.springboot.mp.Application using Java 17.0.8 with PID 11520 (E:\Acode-test\spring-boot-practice\spring-boot-logging\target\classes started by DRIVESAFE in E:\Acode-test\spring-boot-practice)
2024-09-09 20:30:41.990 DEBUG [main] io.drivesaf.springboot.logging.io.drivesaf.springboot.faq.io.drivesaf.springboot.mp.Application : Running with Spring Boot v3.3.3, Spring v6.1.12
2024-09-09 20:30:41.991 INFO  [main] io.drivesaf.springboot.logging.io.drivesaf.springboot.faq.io.drivesaf.springboot.mp.Application : No active profile set, falling back to 1 default profile: "default"
2024-09-09 20:30:42.603 INFO  [main] org.springframework.boot.web.embedded.tomcat.TomcatWebServer : Tomcat initialized with port 8080 (http)
2024-09-09 20:30:42.605 INFO  [main] org.apache.catalina.core.AprLifecycleListener : Loaded Apache Tomcat Native library [2.0.5] using APR version [1.7.4].
2024-09-09 20:30:42.609 INFO  [main] org.apache.catalina.core.AprLifecycleListener : OpenSSL successfully initialized [OpenSSL 3.0.10 1 Aug 2023]
2024-09-09 20:30:42.614 INFO  [main] org.apache.coyote.http11.Http11NioProtocol : Initializing ProtocolHandler ["http-nio-8080"]
2024-09-09 20:30:42.617 INFO  [main] org.apache.catalina.core.StandardService : Starting service [Tomcat]
2024-09-09 20:30:42.617 INFO  [main] org.apache.catalina.core.StandardEngine : Starting Servlet engine: [Apache Tomcat/10.1.28]
2024-09-09 20:30:42.651 INFO  [main] org.apache.catalina.core.ContainerBase.[Tomcat].[localhost].[/] : Initializing Spring embedded WebApplicationContext
2024-09-09 20:30:42.651 INFO  [main] org.springframework.boot.web.servlet.context.ServletWebServerApplicationContext : Root WebApplicationContext: initialization completed in 618 ms
2024-09-09 20:30:42.871 INFO  [main] org.apache.coyote.http11.Http11NioProtocol : Starting ProtocolHandler ["http-nio-8080"]
2024-09-09 20:30:42.885 INFO  [main] org.springframework.boot.web.embedded.tomcat.TomcatWebServer : Tomcat started on port 8080 (http) with context path '/'
2024-09-09 20:30:42.892 INFO  [main] io.drivesaf.springboot.logging.io.drivesaf.springboot.faq.io.drivesaf.springboot.mp.Application : Started io.drivesaf.springboot.faq.io.drivesaf.springboot.mp.Application in 1.464 seconds (process running for 1.936)
2024-09-09 20:31:04.458 INFO  [main] io.drivesaf.springboot.logging.io.drivesaf.springboot.faq.io.drivesaf.springboot.mp.Application : Starting io.drivesaf.springboot.faq.io.drivesaf.springboot.mp.Application using Java 17.0.8 with PID 17628 (E:\Acode-test\spring-boot-practice\spring-boot-logging\target\classes started by DRIVESAFE in E:\Acode-test\spring-boot-practice)
2024-09-09 20:31:04.461 DEBUG [main] io.drivesaf.springboot.logging.io.drivesaf.springboot.faq.io.drivesaf.springboot.mp.Application : Running with Spring Boot v3.3.3, Spring v6.1.12
2024-09-09 20:31:04.463 INFO  [main] io.drivesaf.springboot.logging.io.drivesaf.springboot.faq.io.drivesaf.springboot.mp.Application : No active profile set, falling back to 1 default profile: "default"
2024-09-09 20:31:05.437 INFO  [main] org.springframework.boot.web.embedded.tomcat.TomcatWebServer : Tomcat initialized with port 8080 (http)
2024-09-09 20:31:05.440 INFO  [main] org.apache.catalina.core.AprLifecycleListener : Loaded Apache Tomcat Native library [2.0.5] using APR version [1.7.4].
2024-09-09 20:31:05.443 INFO  [main] org.apache.catalina.core.AprLifecycleListener : OpenSSL successfully initialized [OpenSSL 3.0.10 1 Aug 2023]
2024-09-09 20:31:05.455 INFO  [main] org.apache.coyote.http11.Http11NioProtocol : Initializing ProtocolHandler ["http-nio-8080"]
2024-09-09 20:31:05.459 INFO  [main] org.apache.catalina.core.StandardService : Starting service [Tomcat]
2024-09-09 20:31:05.459 INFO  [main] org.apache.catalina.core.StandardEngine : Starting Servlet engine: [Apache Tomcat/10.1.28]
2024-09-09 20:31:05.505 INFO  [main] org.apache.catalina.core.ContainerBase.[Tomcat].[localhost].[/] : Initializing Spring embedded WebApplicationContext
2024-09-09 20:31:05.506 INFO  [main] org.springframework.boot.web.servlet.context.ServletWebServerApplicationContext : Root WebApplicationContext: initialization completed in 991 ms
2024-09-09 20:31:05.894 INFO  [main] org.apache.coyote.http11.Http11NioProtocol : Starting ProtocolHandler ["http-nio-8080"]
2024-09-09 20:31:05.913 INFO  [main] org.springframework.boot.web.embedded.tomcat.TomcatWebServer : Tomcat started on port 8080 (http) with context path '/'
2024-09-09 20:31:05.923 INFO  [main] io.drivesaf.springboot.logging.io.drivesaf.springboot.faq.io.drivesaf.springboot.mp.Application : Started io.drivesaf.springboot.faq.io.drivesaf.springboot.mp.Application in 2.079 seconds (process running for 2.781)
2024-09-09 20:31:45.085 INFO  [main] io.drivesaf.springboot.logging.io.drivesaf.springboot.faq.io.drivesaf.springboot.mp.Application : Starting io.drivesaf.springboot.faq.io.drivesaf.springboot.mp.Application using Java 17.0.8 with PID 1772 (E:\Acode-test\spring-boot-practice\spring-boot-logging\target\classes started by DRIVESAFE in E:\Acode-test\spring-boot-practice)
2024-09-09 20:31:45.086 DEBUG [main] io.drivesaf.springboot.logging.io.drivesaf.springboot.faq.io.drivesaf.springboot.mp.Application : Running with Spring Boot v3.3.3, Spring v6.1.12
2024-09-09 20:31:45.086 INFO  [main] io.drivesaf.springboot.logging.io.drivesaf.springboot.faq.io.drivesaf.springboot.mp.Application : No active profile set, falling back to 1 default profile: "default"
2024-09-09 20:31:46.037 INFO  [main] org.springframework.boot.web.embedded.tomcat.TomcatWebServer : Tomcat initialized with port 8080 (http)
2024-09-09 20:31:46.040 INFO  [main] org.apache.catalina.core.AprLifecycleListener : Loaded Apache Tomcat Native library [2.0.5] using APR version [1.7.4].
2024-09-09 20:31:46.048 INFO  [main] org.apache.catalina.core.AprLifecycleListener : OpenSSL successfully initialized [OpenSSL 3.0.10 1 Aug 2023]
2024-09-09 20:31:46.056 INFO  [main] org.apache.coyote.http11.Http11NioProtocol : Initializing ProtocolHandler ["http-nio-8080"]
2024-09-09 20:31:46.060 INFO  [main] org.apache.catalina.core.StandardService : Starting service [Tomcat]
2024-09-09 20:31:46.060 INFO  [main] org.apache.catalina.core.StandardEngine : Starting Servlet engine: [Apache Tomcat/10.1.28]
2024-09-09 20:31:46.107 INFO  [main] org.apache.catalina.core.ContainerBase.[Tomcat].[localhost].[/] : Initializing Spring embedded WebApplicationContext
2024-09-09 20:31:46.107 INFO  [main] org.springframework.boot.web.servlet.context.ServletWebServerApplicationContext : Root WebApplicationContext: initialization completed in 977 ms
2024-09-09 20:31:46.493 INFO  [main] org.apache.coyote.http11.Http11NioProtocol : Starting ProtocolHandler ["http-nio-8080"]
2024-09-09 20:31:46.514 INFO  [main] org.springframework.boot.web.embedded.tomcat.TomcatWebServer : Tomcat started on port 8080 (http) with context path '/'
2024-09-09 20:31:46.522 INFO  [main] io.drivesaf.springboot.logging.io.drivesaf.springboot.faq.io.drivesaf.springboot.mp.Application : Started io.drivesaf.springboot.faq.io.drivesaf.springboot.mp.Application in 2.067 seconds (process running for 2.777)
2024-09-09 20:35:02.763 INFO  [main] io.drivesaf.springboot.logging.io.drivesaf.springboot.faq.io.drivesaf.springboot.mp.Application : Starting io.drivesaf.springboot.faq.io.drivesaf.springboot.mp.Application using Java 17.0.8 with PID 12680 (E:\Acode-test\spring-boot-practice\spring-boot-logging\target\classes started by DRIVESAFE in E:\Acode-test\spring-boot-practice)
2024-09-09 20:35:02.764 DEBUG [main] io.drivesaf.springboot.logging.io.drivesaf.springboot.faq.io.drivesaf.springboot.mp.Application : Running with Spring Boot v3.3.3, Spring v6.1.12
2024-09-09 20:35:02.765 INFO  [main] io.drivesaf.springboot.logging.io.drivesaf.springboot.faq.io.drivesaf.springboot.mp.Application : No active profile set, falling back to 1 default profile: "default"
2024-09-09 20:35:03.792 INFO  [main] org.springframework.boot.web.embedded.tomcat.TomcatWebServer : Tomcat initialized with port 8080 (http)
2024-09-09 20:35:03.795 INFO  [main] org.apache.catalina.core.AprLifecycleListener : Loaded Apache Tomcat Native library [2.0.5] using APR version [1.7.4].
2024-09-09 20:35:03.798 INFO  [main] org.apache.catalina.core.AprLifecycleListener : OpenSSL successfully initialized [OpenSSL 3.0.10 1 Aug 2023]
2024-09-09 20:35:03.808 INFO  [main] org.apache.coyote.http11.Http11NioProtocol : Initializing ProtocolHandler ["http-nio-8080"]
2024-09-09 20:35:03.813 INFO  [main] org.apache.catalina.core.StandardService : Starting service [Tomcat]
2024-09-09 20:35:03.813 INFO  [main] org.apache.catalina.core.StandardEngine : Starting Servlet engine: [Apache Tomcat/10.1.28]
2024-09-09 20:35:03.869 INFO  [main] org.apache.catalina.core.ContainerBase.[Tomcat].[localhost].[/] : Initializing Spring embedded WebApplicationContext
2024-09-09 20:35:03.870 INFO  [main] org.springframework.boot.web.servlet.context.ServletWebServerApplicationContext : Root WebApplicationContext: initialization completed in 1053 ms
2024-09-09 20:35:04.285 INFO  [main] org.apache.coyote.http11.Http11NioProtocol : Starting ProtocolHandler ["http-nio-8080"]
2024-09-09 20:35:04.307 INFO  [main] org.springframework.boot.web.embedded.tomcat.TomcatWebServer : Tomcat started on port 8080 (http) with context path '/'
2024-09-09 20:35:04.318 INFO  [main] io.drivesaf.springboot.logging.io.drivesaf.springboot.faq.io.drivesaf.springboot.mp.Application : Started io.drivesaf.springboot.faq.io.drivesaf.springboot.mp.Application in 2.181 seconds (process running for 2.857)
2024-09-09 20:37:14.980 INFO  [http-nio-8080-exec-1] org.apache.catalina.core.ContainerBase.[Tomcat].[localhost].[/] : Initializing Spring DispatcherServlet 'dispatcherServlet'
2024-09-09 20:37:14.981 INFO  [http-nio-8080-exec-1] org.springframework.web.servlet.DispatcherServlet : Initializing Servlet 'dispatcherServlet'
2024-09-09 20:37:14.983 INFO  [http-nio-8080-exec-1] org.springframework.web.servlet.DispatcherServlet : Completed initialization in 2 ms
